KeepHealth_Default/proguard/seeds.txt
com.ytdinfo.keephealth.R$anim: int activity_slide_left_in
com.ytdinfo.keephealth.R$anim: int activity_slide_left_out
com.ytdinfo.keephealth.R$anim: int activity_slide_right_in
com.ytdinfo.keephealth.R$anim: int activity_slide_right_out
com.ytdinfo.keephealth.R$anim: int activity_translate_in
com.ytdinfo.keephealth.R$anim: int activity_translate_out
com.ytdinfo.keephealth.R$anim: int anim_pop_from_left
com.ytdinfo.keephealth.R$anim: int anim_pop_from_right
com.ytdinfo.keephealth.R$anim: int anim_push_from_left
com.ytdinfo.keephealth.R$anim: int anim_push_from_right
com.ytdinfo.keephealth.R$anim: int ccp_faded_in
com.ytdinfo.keephealth.R$anim: int ccp_faded_out
com.ytdinfo.keephealth.R$anim: int ccp_push_up_in
com.ytdinfo.keephealth.R$anim: int ccp_switch_down_out
com.ytdinfo.keephealth.R$anim: int fade_in
com.ytdinfo.keephealth.R$anim: int next_check
com.ytdinfo.keephealth.R$anim: int popup_enter
com.ytdinfo.keephealth.R$anim: int popup_exit
com.ytdinfo.keephealth.R$anim: int push_bottom_in
com.ytdinfo.keephealth.R$anim: int push_down_in
com.ytdinfo.keephealth.R$anim: int push_down_out
com.ytdinfo.keephealth.R$anim: int push_empty_out
com.ytdinfo.keephealth.R$anim: int push_up_in
com.ytdinfo.keephealth.R$anim: int slide_in_from_bottom
com.ytdinfo.keephealth.R$anim: int slide_out_to_bottom
com.ytdinfo.keephealth.R$anim: int spinner
com.ytdinfo.keephealth.R$anim: int switch_down_out
com.ytdinfo.keephealth.R$anim: int video_push_down_out
com.ytdinfo.keephealth.R$array: int babaiban_name
com.ytdinfo.keephealth.R$array: int babaiban_room
com.ytdinfo.keephealth.R$array: int babaiban_roomnub
com.ytdinfo.keephealth.R$array: int chat_select_item
com.ytdinfo.keephealth.R$array: int chatroom_pull
com.ytdinfo.keephealth.R$array: int chatvideo_select_item
com.ytdinfo.keephealth.R$array: int config_newImMessageVibePattern
com.ytdinfo.keephealth.R$array: int emoji_code
com.ytdinfo.keephealth.R$array: int emoji_code_file
com.ytdinfo.keephealth.R$array: int group_info
com.ytdinfo.keephealth.R$array: int group_join_model
com.ytdinfo.keephealth.R$array: int jingan_name
com.ytdinfo.keephealth.R$array: int jingan_room
com.ytdinfo.keephealth.R$array: int jingan_roomnub
com.ytdinfo.keephealth.R$array: int jingan_roomnum
com.ytdinfo.keephealth.R$array: int member_memu_forbidden
com.ytdinfo.keephealth.R$array: int member_memu_forbidden_cancle
com.ytdinfo.keephealth.R$array: int setting_automanage
com.ytdinfo.keephealth.R$array: int setting_echocancelled
com.ytdinfo.keephealth.R$array: int setting_silencerestrain
com.ytdinfo.keephealth.R$array: int xuhui_name
com.ytdinfo.keephealth.R$array: int xuhui_room
com.ytdinfo.keephealth.R$array: int xuhui_roomnub
com.ytdinfo.keephealth.R$attr: int border_color
com.ytdinfo.keephealth.R$attr: int border_inside_color
com.ytdinfo.keephealth.R$attr: int border_outside_color
com.ytdinfo.keephealth.R$attr: int border_thickness
com.ytdinfo.keephealth.R$attr: int border_width
com.ytdinfo.keephealth.R$attr: int corner_radius
com.ytdinfo.keephealth.R$attr: int debugDraw
com.ytdinfo.keephealth.R$attr: int horizontalSpacing
com.ytdinfo.keephealth.R$attr: int is_oval
com.ytdinfo.keephealth.R$attr: int layout_horizontalSpacing
com.ytdinfo.keephealth.R$attr: int layout_newLine
com.ytdinfo.keephealth.R$attr: int layout_verticalSpacing
com.ytdinfo.keephealth.R$attr: int orientation
com.ytdinfo.keephealth.R$attr: int progress_reached_bar_height
com.ytdinfo.keephealth.R$attr: int progress_reached_color
com.ytdinfo.keephealth.R$attr: int progress_text_color
com.ytdinfo.keephealth.R$attr: int progress_text_offset
com.ytdinfo.keephealth.R$attr: int progress_text_size
com.ytdinfo.keephealth.R$attr: int progress_text_visibility
com.ytdinfo.keephealth.R$attr: int progress_unreached_bar_height
com.ytdinfo.keephealth.R$attr: int progress_unreached_color
com.ytdinfo.keephealth.R$attr: int radius
com.ytdinfo.keephealth.R$attr: int round_background
com.ytdinfo.keephealth.R$attr: int verticalSpacing
...
com.google.gson.DefaultTypeAdapters$UuidTypeAdapter
com.google.gson.DefaultTypeAdapters$UuidTypeAdapter: DefaultTypeAdapters$UuidTypeAdapter()
com.google.gson.DefaultTypeAdapters$UuidTypeAdapter: com.google.gson.JsonElement serialize(java.util.UUID,java.lang.reflect.Type,com.google.gson.JsonSerializationContext)
com.google.gson.DefaultTypeAdapters$UuidTypeAdapter: java.util.UUID deserialize(com.google.gson.JsonElement,java.lang.reflect.Type,com.google.gson.JsonDeserializationContext)
com.google.gson.DefaultTypeAdapters$UuidTypeAdapter: java.lang.String toString()
com.google.gson.DefaultTypeAdapters$UuidTypeAdapter: com.google.gson.JsonElement serialize(java.lang.Object,java.lang.reflect.Type,com.google.gson.JsonSerializationContext)
com.google.gson.DefaultTypeAdapters$UuidTypeAdapter: java.lang.Object deserialize(com.google.gson.JsonElement,java.lang.reflect.Type,com.google.gson.JsonDeserializationContext)
com.google.gson.DefaultTypeAdapters$UuidTypeAdapter: DefaultTypeAdapters$UuidTypeAdapter(com.google.gson.DefaultTypeAdapters$1)
com.google.gson.DelegatingJsonElementVisitor
com.google.gson.DelegatingJsonElementVisitor: com.google.gson.JsonElementVisitor delegate
com.google.gson.DelegatingJsonElementVisitor: DelegatingJsonElementVisitor(com.google.gson.JsonElementVisitor)
com.google.gson.DelegatingJsonElementVisitor: void endArray(com.google.gson.JsonArray)
com.google.gson.DelegatingJsonElementVisitor: void endObject(com.google.gson.JsonObject)
com.google.gson.DelegatingJsonElementVisitor: void startArray(com.google.gson.JsonArray)
com.google.gson.DelegatingJsonElementVisitor: void startObject(com.google.gson.JsonObject)
com.google.gson.DelegatingJsonElementVisitor: void visitArrayMember(com.google.gson.JsonArray,com.google.gson.JsonPrimitive,boolean)
com.google.gson.DelegatingJsonElementVisitor: void visitArrayMember(com.google.gson.JsonArray,com.google.gson.JsonArray,boolean)
com.google.gson.DelegatingJsonElementVisitor: void visitArrayMember(com.google.gson.JsonArray,com.google.gson.JsonObject,boolean)
com.google.gson.DelegatingJsonElementVisitor: void visitObjectMember(com.google.gson.JsonObject,java.lang.String,com.google.gson.JsonPrimitive,boolean)
com.google.gson.DelegatingJsonElementVisitor: void visitObjectMember(com.google.gson.JsonObject,java.lang.String,com.google.gson.JsonArray,boolean)
com.google.gson.DelegatingJsonElementVisitor: void visitObjectMember(com.google.gson.JsonObject,java.lang.String,com.google.gson.JsonObject,boolean)
com.google.gson.DisjunctionExclusionStrategy
com.google.gson.DisjunctionExclusionStrategy: java.util.Collection strategies
com.google.gson.DisjunctionExclusionStrategy: DisjunctionExclusionStrategy(java.util.Collection)
com.google.gson.DisjunctionExclusionStrategy: boolean shouldSkipField(com.google.gson.FieldAttributes)
com.google.gson.DisjunctionExclusionStrategy: boolean shouldSkipClass(java.lang.Class)
com.google.gson.Escaper
com.google.gson.Escaper: char[] HEX_CHARS
com.google.gson.Escaper: java.util.Set JS_ESCAPE_CHARS
com.google.gson.Escaper: java.util.Set HTML_ESCAPE_CHARS
com.google.gson.Escaper: boolean escapeHtmlCharacters
com.google.gson.Escaper: Escaper(boolean)
com.google.gson.Escaper: java.lang.String escapeJsonString(java.lang.CharSequence)
com.google.gson.Escaper: void escapeJsonString(java.lang.CharSequence,java.lang.StringBuilder)
com.google.gson.Escaper: boolean mustEscapeCharInJsString(int)
com.google.gson.Escaper: boolean isControlCharacter(int)
com.google.gson.Escaper: void appendHexJavaScriptRepresentation(int,java.lang.Appendable)
com.google.gson.Escaper: void <clinit>()
com.google.gson.ExclusionStrategy
com.google.gson.ExclusionStrategy: boolean shouldSkipField(com.google.gson.FieldAttributes)
com.google.gson.ExclusionStrategy: boolean shouldSkipClass(java.lang.Class)